#
# There is insufficient memory for the Java Runtime Environment to continue.
# Native memory allocation (mmap) failed to map 65536 bytes. Error detail: Failed to commit metaspace.
# Possible reasons:
#   The system is out of physical RAM or swap space
#   This process is running with CompressedOops enabled, and the Java Heap may be blocking the growth of the native heap
# Possible solutions:
#   Reduce memory load on the system
#   Increase physical memory or swap space
#   Check if swap backing store is full
#   Decrease Java heap size (-Xmx/-Xms)
#   Decrease number of Java threads
#   Decrease Java thread stack sizes (-Xss)
#   Set larger code cache with -XX:ReservedCodeCacheSize=
#   JVM is running with Unscaled Compressed Oops mode in which the Java heap is
#     placed in the first 4GB address space. The Java Heap base address is the
#     maximum limit for the native heap growth. Please use -XX:HeapBaseMinAddress
#     to set the Java Heap base and to place the Java Heap above 4GB virtual address.
# This output file may be truncated or incomplete.
#
#  Out of Memory Error (virtualSpaceNode.cpp:112), pid=43404, tid=74560
#
# JRE version: OpenJDK Runtime Environment (23.0+1) (build 23-valhalla+1-90)
# Java VM: OpenJDK 64-Bit Server VM (23-valhalla+1-90, mixed mode, emulated-client, sharing, tiered, compressed oops, compressed class ptrs, g1 gc, windows-amd64)
# No core dump will be written. Minidumps are not enabled by default on client versions of Windows
#

---------------  S U M M A R Y ------------

Command Line: -XX:TieredStopAtLevel=1 -Dspring.output.ansi.enabled=always -Dcom.sun.management.jmxremote -Dspring.jmx.enabled=true -Dspring.liveBeansView.mbeanDomain -Dspring.application.admin.enabled=true -Dmanagement.endpoints.jmx.exposure.include=* -javaagent:C:\JetBrains\IntelliJ IDEA\lib\idea_rt.jar=65175 -Dfile.encoding=UTF-8 -Dsun.stdout.encoding=UTF-8 -Dsun.stderr.encoding=UTF-8 com.electronics.backend.BackendApplication

Host: 11th Gen Intel(R) Core(TM) i5-1135G7 @ 2.40GHz, 8 cores, 7G,  Windows 11 , 64 bit Build 26100 (10.0.26100.6725)
Time: Wed Nov 12 15:22:09 2025 Paris, Madrid elapsed time: 1.016417 seconds (0d 0h 0m 1s)

---------------  T H R E A D  ---------------

Current thread (0x000002271c6ccc30):  JavaThread "main"             [_thread_in_vm, id=74560, stack(0x000000b949300000,0x000000b949400000) (1024K)]

Stack: [0x000000b949300000,0x000000b949400000]
Native frames: (J=compiled Java code, j=interpreted, Vv=VM code, C=native code)
V  [jvm.dll+0x722999]  (no source info available)
V  [jvm.dll+0x8c9823]  (no source info available)
V  [jvm.dll+0x8cbcae]  (no source info available)
V  [jvm.dll+0x8cc363]  (no source info available)
V  [jvm.dll+0x295516]  (no source info available)
V  [jvm.dll+0x8c545e]  (no source info available)
V  [jvm.dll+0x6c2ac5]  (no source info available)
V  [jvm.dll+0x6c2b2a]  (no source info available)
V  [jvm.dll+0x6c536a]  (no source info available)
V  [jvm.dll+0x23845c]  (no source info available)
V  [jvm.dll+0x6c34de]  (no source info available)
V  [jvm.dll+0x2804c0]  (no source info available)
V  [jvm.dll+0x227abb]  (no source info available)
V  [jvm.dll+0x21c845]  (no source info available)
V  [jvm.dll+0x5f659f]  (no source info available)
V  [jvm.dll+0x22fa98]  (no source info available)
V  [jvm.dll+0x838c59]  (no source info available)
V  [jvm.dll+0x839fc6]  (no source info available)
V  [jvm.dll+0x83a5d4]  (no source info available)
V  [jvm.dll+0x83a258]  (no source info available)
V  [jvm.dll+0x282acb]  (no source info available)
V  [jvm.dll+0x282d0a]  (no source info available)
V  [jvm.dll+0x61b607]  (no source info available)
V  [jvm.dll+0x61e686]  (no source info available)
V  [jvm.dll+0x40c40d]  (no source info available)
V  [jvm.dll+0x40b9dd]  (no source info available)
C  0x000002272651a671  (no source info available)

The last pc belongs to invokestatic (printed below).
Java frames: (J=compiled Java code, j=interpreted, Vv=VM code)
j  java.nio.file.spi.FileSystemProvider.newInputStream(Ljava/nio/file/Path;[Ljava/nio/file/OpenOption;)Ljava/io/InputStream;+98 java.base@23-valhalla
j  java.nio.file.Files.newInputStream(Ljava/nio/file/Path;[Ljava/nio/file/OpenOption;)Ljava/io/InputStream;+6 java.base@23-valhalla
j  jdk.jfr.internal.SecuritySupport.lambda$newFileInputStream$14(Ljdk/jfr/internal/SecuritySupport$SafePath;)Ljava/io/InputStream;+8 jdk.jfr@23-valhalla
j  jdk.jfr.internal.SecuritySupport$$Lambda+0x00000227300332f0.call()Ljava/lang/Object;+4 jdk.jfr@23-valhalla
j  jdk.jfr.internal.SecuritySupport$1.run()Ljava/lang/Object;+4 jdk.jfr@23-valhalla
j  java.security.AccessController.executePrivileged(Ljava/security/PrivilegedExceptionAction;Ljava/security/AccessControlContext;Ljava/lang/Class;)Ljava/lang/Object;+29 java.base@23-valhalla
j  java.security.AccessController.doPrivileged(Ljava/security/PrivilegedExceptionAction;Ljava/security/AccessControlContext;)Ljava/lang/Object;+13 java.base@23-valhalla
j  jdk.jfr.internal.SecuritySupport.doPrivilegedIOWithReturn(Ljava/util/concurrent/Callable;)Ljava/lang/Object;+9 jdk.jfr@23-valhalla
j  jdk.jfr.internal.SecuritySupport.newFileInputStream(Ljdk/jfr/internal/SecuritySupport$SafePath;)Ljava/io/InputStream;+6 jdk.jfr@23-valhalla
j  jdk.jfr.internal.jfc.JFC$KnownConfiguration.readContent(Ljdk/jfr/internal/SecuritySupport$SafePath;)Ljava/lang/String;+22 jdk.jfr@23-valhalla
j  jdk.jfr.internal.jfc.JFC$KnownConfiguration.<init>(Ljdk/jfr/internal/SecuritySupport$SafePath;)V+11 jdk.jfr@23-valhalla
j  jdk.jfr.internal.jfc.JFC.getKnownConfigurations()Ljava/util/List;+48 jdk.jfr@23-valhalla
j  jdk.jfr.internal.jfc.JFC.newReader(Ljdk/jfr/internal/SecuritySupport$SafePath;)Ljava/io/Reader;+0 jdk.jfr@23-valhalla
j  jdk.jfr.internal.jfc.model.JFCModel.create(Ljdk/jfr/internal/SecuritySupport$SafePath;Ljava/util/function/Consumer;)Ljdk/jfr/internal/jfc/model/JFCModel;+46 jdk.jfr@23-valhalla
j  jdk.jfr.internal.dcmd.DCmdStart.jfcOptions()Ljava/lang/String;+50 jdk.jfr@23-valhalla
j  jdk.jfr.internal.dcmd.DCmdStart.printHelp()[Ljava/lang/String;+9 jdk.jfr@23-valhalla
v  ~StubRoutines::call_stub 0x000002272650100d
j  com.sun.management.internal.DiagnosticCommandImpl.executeDiagnosticCommand(Ljava/lang/String;)Ljava/lang/String;+0 jdk.management@23-valhalla
j  com.sun.management.internal.DiagnosticCommandImpl.commandDescriptor(Lcom/sun/management/internal/DiagnosticCommandImpl$Wrapper;)Ljavax/management/Descriptor;+153 jdk.management@23-valhalla
j  com.sun.management.internal.DiagnosticCommandImpl.getMBeanInfo()Ljavax/management/MBeanInfo;+181 jdk.management@23-valhalla
j  com.sun.jmx.interceptor.DefaultMBeanServerInterceptor.getNewMBeanClassName(Ljava/lang/Object;)Ljava/lang/String;+13 java.management@23-valhalla
j  com.sun.jmx.interceptor.DefaultMBeanServerInterceptor.registerMBean(Ljava/lang/Object;Ljavax/management/ObjectName;)Ljavax/management/ObjectInstance;+10 java.management@23-valhalla
j  com.sun.jmx.mbeanserver.JmxMBeanServer.registerMBean(Ljava/lang/Object;Ljavax/management/ObjectName;)Ljavax/management/ObjectInstance;+10 java.management@23-valhalla
j  java.lang.management.ManagementFactory.lambda$addMXBean$7(Ljava/lang/Object;Ljavax/management/MBeanServer;Ljavax/management/ObjectName;)Ljava/lang/Void;+60 java.management@23-valhalla
j  java.lang.management.ManagementFactory$$Lambda+0x00000227300678b8.run()Ljava/lang/Object;+12 java.management@23-valhalla
j  java.security.AccessController.executePrivileged(Ljava/security/PrivilegedExceptionAction;Ljava/security/AccessControlContext;Ljava/lang/Class;)Ljava/lang/Object;+29 java.base@23-valhalla
j  java.security.AccessController.doPrivileged(Ljava/security/PrivilegedExceptionAction;)Ljava/lang/Object;+9 java.base@23-valhalla
j  java.lang.management.ManagementFactory.addMXBean(Ljavax/management/MBeanServer;Ljava/lang/String;Ljava/lang/Object;)V+13 java.management@23-valhalla
j  java.lang.management.ManagementFactory.lambda$getPlatformMBeanServer$1(Ljava/util/Map$Entry;)V+18 java.management@23-valhalla
j  java.lang.management.ManagementFactory$$Lambda+0x0000022730066df0.accept(Ljava/lang/Object;)V+4 java.management@23-valhalla
j  java.util.stream.ForEachOps$ForEachOp$OfRef.accept(Ljava/lang/Object;)V+5 java.base@23-valhalla
j  java.util.Collections$2.tryAdvance(Ljava/util/function/Consumer;)Z+29 java.base@23-valhalla
j  java.util.Collections$2.forEachRemaining(Ljava/util/function/Consumer;)V+2 java.base@23-valhalla
j  java.util.stream.ReferencePipeline$Head.forEach(Ljava/util/function/Consumer;)V+12 java.base@23-valhalla
j  java.util.stream.ReferencePipeline$7$1.accept(Ljava/lang/Object;)V+41 java.base@23-valhalla
j  java.util.stream.ReferencePipeline$2$1.accept(Ljava/lang/Object;)V+21 java.base@23-valhalla
j  java.util.HashMap$ValueSpliterator.forEachRemaining(Ljava/util/function/Consumer;)V+145 java.base@23-valhalla
j  java.util.stream.AbstractPipeline.copyInto(Ljava/util/stream/Sink;Ljava/util/Spliterator;)V+32 java.base@23-valhalla
j  java.util.stream.AbstractPipeline.wrapAndCopyInto(Ljava/util/stream/Sink;Ljava/util/Spliterator;)Ljava/util/stream/Sink;+13 java.base@23-valhalla
j  java.util.stream.ForEachOps$ForEachOp.evaluateSequential(Ljava/util/stream/PipelineHelper;Ljava/util/Spliterator;)Ljava/lang/Void;+3 java.base@23-valhalla
j  java.util.stream.ForEachOps$ForEachOp$OfRef.evaluateSequential(Ljava/util/stream/PipelineHelper;Ljava/util/Spliterator;)Ljava/lang/Object;+3 java.base@23-valhalla
j  java.util.stream.AbstractPipeline.evaluate(Ljava/util/stream/TerminalOp;)Ljava/lang/Object;+88 java.base@23-valhalla
j  java.util.stream.ReferencePipeline.forEach(Ljava/util/function/Consumer;)V+6 java.base@23-valhalla
j  java.lang.management.ManagementFactory.getPlatformMBeanServer()Ljavax/management/MBeanServer;+68 java.management@23-valhalla
j  sun.management.jmxremote.ConnectorBootstrap.startLocalConnectorServer()Ljavax/management/remote/JMXConnectorServer;+88 jdk.management.agent@23-valhalla
j  jdk.internal.agent.Agent.startLocalManagementAgent()V+13 jdk.management.agent@23-valhalla
j  jdk.internal.agent.Agent.startAgent(Ljava/util/Properties;)V+58 jdk.management.agent@23-valhalla
j  jdk.internal.agent.Agent.startAgent()V+20 jdk.management.agent@23-valhalla
v  ~StubRoutines::call_stub 0x000002272650100d
invokestatic  184 invokestatic  [0x000002272651a5c0, 0x000002272651a738]  376 bytes
[MachCode]
  0x000002272651a5c0: 4883 ec08 | c5fa 1104 | 24eb 1f48 | 83ec 10c5 | fb11 0424 | eb14 4883 | ec10 4889 | 0424 48c7 
  0x000002272651a5e0: 4424 0800 | 0000 00eb | 0150 488b | 4dd0 410f | b755 0148 | 8b49 306b | d218 488d | 4c11 080f 
  0x000002272651a600: b659 1681 | fbb8 0000 | 000f 84bd | 0000 00bb | b800 0000 | e805 0000 | 00e9 9900 | 0000 488b 
  0x000002272651a620: d348 8d44 | 2408 4c89 | 6dc0 498b | cfc5 f877 | 4989 afb0 | 0300 0049 | 8987 a003 | 0000 4883 
  0x000002272651a640: ec20 40f6 | c40f 0f84 | 1900 0000 | 4883 ec08 | 48b8 70b9 | ae31 fd7f | 0000 ffd0 | 4883 c408 
  0x000002272651a660: e90c 0000 | 0048 b870 | b9ae 31fd | 7f00 00ff | d048 83c4 | 2049 c787 | a003 0000 | 0000 0000 
  0x000002272651a680: 49c7 87b0 | 0300 0000 | 0000 0049 | c787 a803 | 0000 0000 | 0000 c5f8 | 7749 837f | 0800 0f84 
  0x000002272651a6a0: 0500 0000 | e957 68fe | ff4c 8b6d | c04c 8b75 | c84e 8d74 | f500 c348 | 8b4d d041 | 0fb7 5501 
  0x000002272651a6c0: 488b 4930 | 6bd2 1848 | 8d4c 1108 | 488b 1948 | 8b5b 0848 | 8b5b 0848 | 8b5b 1880 | bb28 0100 
  0x000002272651a6e0: 0005 0f84 | 0d00 0000 | 4c3b bb40 | 0100 000f | 851a ffff | ff0f b651 | 1548 8b19 | 4c89 6dc0 
  0x000002272651a700: 448b ea0f | b651 1449 | bad0 9b3c | 32fd 7f00 | 0049 8b14 | d252 418b | d54c 8b6d | c04c 8d6c 
  0x000002272651a720: 2408 498b | cd48 2bcd | 48c1 f903 | 4889 4df0 | ff63 600f | 1f44 0000 
[/MachCode]

---------------  P R O C E S S  ---------------

Threads class SMR info:
_java_thread_list=0x000002277423f0b0, length=14, elements={
0x000002271c6ccc30, 0x000002272eefec40, 0x000002272ef009e0, 0x000002272ef053f0,
0x000002272ef05e60, 0x000002272ef078e0, 0x000002272ef08350, 0x000002272ef08dc0,
0x000002272eebea60, 0x000002277420f940, 0x0000022774218710, 0x000002277421b1f0,
0x000002277453e140, 0x000002277453e7c0
}

Java Threads: ( => current thread )
=>0x000002271c6ccc30 JavaThread "main"                              [_thread_in_vm, id=74560, stack(0x000000b949300000,0x000000b949400000) (1024K)]
  0x000002272eefec40 JavaThread "Reference Handler"          daemon [_thread_blocked, id=24000, stack(0x000000b949b00000,0x000000b949c00000) (1024K)]
  0x000002272ef009e0 JavaThread "Finalizer"                  daemon [_thread_blocked, id=71072, stack(0x000000b949c00000,0x000000b949d00000) (1024K)]
  0x000002272ef053f0 JavaThread "Signal Dispatcher"          daemon [_thread_blocked, id=67600, stack(0x000000b949d00000,0x000000b949e00000) (1024K)]
  0x000002272ef05e60 JavaThread "Attach Listener"            daemon [_thread_blocked, id=68660, stack(0x000000b949e00000,0x000000b949f00000) (1024K)]
  0x000002272ef078e0 JavaThread "Service Thread"             daemon [_thread_blocked, id=55664, stack(0x000000b949f00000,0x000000b94a000000) (1024K)]
  0x000002272ef08350 JavaThread "Monitor Deflation Thread"   daemon [_thread_blocked, id=71088, stack(0x000000b94a000000,0x000000b94a100000) (1024K)]
  0x000002272ef08dc0 JavaThread "C1 CompilerThread0"         daemon [_thread_blocked, id=74568, stack(0x000000b94a100000,0x000000b94a200000) (1024K)]
  0x000002272eebea60 JavaThread "Common-Cleaner"             daemon [_thread_blocked, id=72240, stack(0x000000b94a200000,0x000000b94a300000) (1024K)]
  0x000002277420f940 JavaThread "C1 CompilerThread1"         daemon [_thread_blocked, id=67548, stack(0x000000b94a300000,0x000000b94a400000) (1024K)]
  0x0000022774218710 JavaThread "C1 CompilerThread2"         daemon [_thread_blocked, id=57420, stack(0x000000b94a400000,0x000000b94a500000) (1024K)]
  0x000002277421b1f0 JavaThread "C1 CompilerThread3"         daemon [_thread_blocked, id=63656, stack(0x000000b94a500000,0x000000b94a600000) (1024K)]
  0x000002277453e140 JavaThread "Monitor Ctrl-Break"         daemon [_thread_in_native, id=69456, stack(0x000000b94a600000,0x000000b94a700000) (1024K)]
  0x000002277453e7c0 JavaThread "Notification Thread"        daemon [_thread_blocked, id=59140, stack(0x000000b94a700000,0x000000b94a800000) (1024K)]
Total: 14

Other Threads:
  0x000002272eede2d0 VMThread "VM Thread"                           [id=53940, stack(0x000000b949a00000,0x000000b949b00000) (1024K)]
  0x000002272eebd4a0 WatcherThread "VM Periodic Task Thread"        [id=59616, stack(0x000000b949900000,0x000000b949a00000) (1024K)]
  0x000002271e0e9960 WorkerThread "GC Thread#0"                     [id=72120, stack(0x000000b949400000,0x000000b949500000) (1024K)]
  0x000002271e0fa180 ConcurrentGCThread "G1 Main Marker"            [id=69068, stack(0x000000b949500000,0x000000b949600000) (1024K)]
  0x000002271e0fb7b0 WorkerThread "G1 Conc#0"                       [id=70032, stack(0x000000b949600000,0x000000b949700000) (1024K)]
  0x000002272ed85190 ConcurrentGCThread "G1 Refine#0"               [id=66920, stack(0x000000b949700000,0x000000b949800000) (1024K)]
  0x000002272ed87b30 ConcurrentGCThread "G1 Service"                [id=28716, stack(0x000000b949800000,0x000000b949900000) (1024K)]
Total: 7

Threads with active compile tasks:
Total: 0

VM state: not at safepoint (normal execution)

VM Mutex/Monitor currently owned by a thread:  ([mutex/lock_event])
[0x00007ffd323b7d28] Metaspace_lock - owner thread: 0x000002271c6ccc30

Heap address: 0x0000000084000000, size: 1984 MB, Compressed Oops mode: 32-bit

CDS archive(s) mapped at: [0x000002272f000000-0x000002272fcf0000-0x000002272fcf0000), size 13565952, SharedBaseAddress: 0x000002272f000000, ArchiveRelocationMode: 1.
Compressed class space mapped at: 0x0000022730000000-0x0000022770000000, reserved size: 1073741824
Narrow klass base: 0x000002272f000000, Narrow klass shift: 0, Narrow klass range: 0x41000000

GC Precious Log:
 CardTable entry size: 512
 Card Set container configuration: InlinePtr #cards 5 size 8 Array Of Cards #cards 10 size 36 Howl #buckets 4 coarsen threshold 1843 Howl Bitmap #cards 512 size 80 coarsen threshold 460 Card regions per heap region 1 cards per card region 2048
 CPUs: 8 total, 8 available
 Memory: 7932M
 Large Page Support: Disabled
 NUMA Support: Disabled
 Compressed Oops: Enabled (32-bit)
 Heap Region Size: 1M
 Heap Min Capacity: 8M
 Heap Initial Capacity: 124M
 Heap Max Capacity: 1984M
 Pre-touch: Disabled
 Parallel Workers: 8
 Concurrent Workers: 2
 Concurrent Refinement Workers: 8
 Periodic GC: Disabled

Heap:
 garbage-first heap   total reserved 2031616K, committed 126976K, used 10240K [0x0000000084000000, 0x0000000100000000)
  region size 1024K, 10 young (10240K), 0 survivors (0K)
 Metaspace       used 3062K, committed 3200K, reserved 1114112K
  class space    used 373K, committed 448K, reserved 1048576K

Heap Regions: E=young(eden), S=young(survivor), O=old, HS=humongous(starts), HC=humongous(continues), CS=collection set, F=free, TAMS=top-at-mark-start, PB=parsable bottom
|   0|0x0000000084000000, 0x0000000084100000, 0x0000000084100000|100%|HS|  |TAMS 0x0000000084000000| PB 0x0000000084000000| Complete |  0
|   1|0x0000000084100000, 0x0000000084200000, 0x0000000084200000|100%|HS|  |TAMS 0x0000000084100000| PB 0x0000000084100000| Complete |  0
|   2|0x0000000084200000, 0x0000000084200000, 0x0000000084300000|  0%| F|  |TAMS 0x0000000084200000| PB 0x0000000084200000| Untracked |  0
|   3|0x0000000084300000, 0x0000000084300000, 0x0000000084400000|  0%| F|  |TAMS 0x0000000084300000| PB 0x0000000084300000| Untracked |  0
|   4|0x0000000084400000, 0x0000000084400000, 0x0000000084500000|  0%| F|  |TAMS 0x0000000084400000| PB 0x0000000084400000| Untracked |  0
|   5|0x0000000084500000, 0x0000000084500000, 0x0000000084600000|  0%| F|  |TAMS 0x0000000084500000| PB 0x0000000084500000| Untracked |  0
|   6|0x0000000084600000, 0x0000000084600000, 0x0000000084700000|  0%| F|  |TAMS 0x0000000084600000| PB 0x0000000084600000| Untracked |  0
|   7|0x0000000084700000, 0x0000000084700000, 0x0000000084800000|  0%| F|  |TAMS 0x0000000084700000| PB 0x0000000084700000| Untracked |  0
|   8|0x0000000084800000, 0x0000000084800000, 0x0000000084900000|  0%| F|  |TAMS 0x0000000084800000| PB 0x0000000084800000| Untracked |  0
|   9|0x0000000084900000, 0x0000000084900000, 0x0000000084a00000|  0%| F|  |TAMS 0x0000000084900000| PB 0x0000000084900000| Untracked |  0
|  10|0x0000000084a00000, 0x0000000084a00000, 0x0000000084b00000|  0%| F|  |TAMS 0x0000000084a00000| PB 0x0000000084a00000| Untracked |  0
|  11|0x0000000084b00000, 0x0000000084b00000, 0x0000000084c00000|  0%| F|  |TAMS 0x0000000084b00000| PB 0x0000000084b00000| Untracked |  0
|  12|0x0000000084c00000, 0x0000000084c00000, 0x0000000084d00000|  0%| F|  |TAMS 0x0000000084c00000| PB 0x0000000084c00000| Untracked |  0
|  13|0x0000000084d00000, 0x0000000084d00000, 0x0000000084e00000|  0%| F|  |TAMS 0x0000000084d00000| PB 0x0000000084d00000| Untracked |  0
|  14|0x0000000084e00000, 0x0000000084e00000, 0x0000000084f00000|  0%| F|  |TAMS 0x0000000084e00000| PB 0x0000000084e00000| Untracked |  0
|  15|0x0000000084f00000, 0x0000000084f00000, 0x0000000085000000|  0%| F|  |TAMS 0x0000000084f00000| PB 0x0000000084f00000| Untracked |  0
|  16|0x0000000085000000, 0x0000000085000000, 0x0000000085100000|  0%| F|  |TAMS 0x0000000085000000| PB 0x0000000085000000| Untracked |  0
|  17|0x0000000085100000, 0x0000000085100000, 0x0000000085200000|  0%| F|  |TAMS 0x0000000085100000| PB 0x0000000085100000| Untracked |  0
|  18|0x0000000085200000, 0x0000000085200000, 0x0000000085300000|  0%| F|  |TAMS 0x0000000085200000| PB 0x0000000085200000| Untracked |  0
|  19|0x0000000085300000, 0x0000000085300000, 0x0000000085400000|  0%| F|  |TAMS 0x0000000085300000| PB 0x0000000085300000| Untracked |  0
|  20|0x0000000085400000, 0x0000000085400000, 0x0000000085500000|  0%| F|  |TAMS 0x0000000085400000| PB 0x0000000085400000| Untracked |  0
|  21|0x0000000085500000, 0x0000000085500000, 0x0000000085600000|  0%| F|  |TAMS 0x0000000085500000| PB 0x0000000085500000| Untracked |  0
|  22|0x0000000085600000, 0x0000000085600000, 0x0000000085700000|  0%| F|  |TAMS 0x0000000085600000| PB 0x0000000085600000| Untracked |  0
|  23|0x0000000085700000, 0x0000000085700000, 0x0000000085800000|  0%| F|  |TAMS 0x0000000085700000| PB 0x0000000085700000| Untracked |  0
|  24|0x0000000085800000, 0x0000000085800000, 0x0000000085900000|  0%| F|  |TAMS 0x0000000085800000| PB 0x0000000085800000| Untracked |  0
|  25|0x0000000085900000, 0x0000000085900000, 0x0000000085a00000|  0%| F|  |TAMS 0x0000000085900000| PB 0x0000000085900000| Untracked |  0
|  26|0x0000000085a00000, 0x0000000085a00000, 0x0000000085b00000|  0%| F|  |TAMS 0x0000000085a00000| PB 0x0000000085a00000| Untracked |  0
|  27|0x0000000085b00000, 0x0000000085b00000, 0x0000000085c00000|  0%| F|  |TAMS 0x0000000085b00000| PB 0x0000000085b00000| Untracked |  0
|  28|0x0000000085c00000, 0x0000000085c00000, 0x0000000085d00000|  0%| F|  |TAMS 0x0000000085c00000| PB 0x0000000085c00000| Untracked |  0
|  29|0x0000000085d00000, 0x0000000085d00000, 0x0000000085e00000|  0%| F|  |TAMS 0x0000000085d00000| PB 0x0000000085d00000| Untracked |  0
|  30|0x0000000085e00000, 0x0000000085e00000, 0x0000000085f00000|  0%| F|  |TAMS 0x0000000085e00000| PB 0x0000000085e00000| Untracked |  0
|  31|0x0000000085f00000, 0x0000000085f00000, 0x0000000086000000|  0%| F|  |TAMS 0x0000000085f00000| PB 0x0000000085f00000| Untracked |  0
|  32|0x0000000086000000, 0x0000000086000000, 0x0000000086100000|  0%| F|  |TAMS 0x0000000086000000| PB 0x0000000086000000| Untracked |  0
|  33|0x0000000086100000, 0x0000000086100000, 0x0000000086200000|  0%| F|  |TAMS 0x0000000086100000| PB 0x0000000086100000| Untracked |  0
|  34|0x0000000086200000, 0x0000000086200000, 0x0000000086300000|  0%| F|  |TAMS 0x0000000086200000| PB 0x0000000086200000| Untracked |  0
|  35|0x0000000086300000, 0x0000000086300000, 0x0000000086400000|  0%| F|  |TAMS 0x0000000086300000| PB 0x0000000086300000| Untracked |  0
|  36|0x0000000086400000, 0x0000000086400000, 0x0000000086500000|  0%| F|  |TAMS 0x0000000086400000| PB 0x0000000086400000| Untracked |  0
|  37|0x0000000086500000, 0x0000000086500000, 0x0000000086600000|  0%| F|  |TAMS 0x0000000086500000| PB 0x0000000086500000| Untracked |  0
|  38|0x0000000086600000, 0x0000000086600000, 0x0000000086700000|  0%| F|  |TAMS 0x0000000086600000| PB 0x0000000086600000| Untracked |  0
|  39|0x0000000086700000, 0x0000000086700000, 0x0000000086800000|  0%| F|  |TAMS 0x0000000086700000| PB 0x0000000086700000| Untracked |  0
|  40|0x0000000086800000, 0x0000000086800000, 0x0000000086900000|  0%| F|  |TAMS 0x0000000086800000| PB 0x0000000086800000| Untracked |  0
|  41|0x0000000086900000, 0x0000000086900000, 0x0000000086a00000|  0%| F|  |TAMS 0x0000000086900000| PB 0x0000000086900000| Untracked |  0
|  42|0x0000000086a00000, 0x0000000086a00000, 0x0000000086b00000|  0%| F|  |TAMS 0x0000000086a00000| PB 0x0000000086a00000| Untracked |  0
|  43|0x0000000086b00000, 0x0000000086b00000, 0x0000000086c00000|  0%| F|  |TAMS 0x0000000086b00000| PB 0x0000000086b00000| Untracked |  0
|  44|0x0000000086c00000, 0x0000000086c00000, 0x0000000086d00000|  0%| F|  |TAMS 0x0000000086c00000| PB 0x0000000086c00000| Untracked |  0
|  45|0x0000000086d00000, 0x0000000086d00000, 0x0000000086e00000|  0%| F|  |TAMS 0x0000000086d00000| PB 0x0000000086d00000| Untracked |  0
|  46|0x0000000086e00000, 0x0000000086e00000, 0x0000000086f00000|  0%| F|  |TAMS 0x0000000086e00000| PB 0x0000000086e00000| Untracked |  0
|  47|0x0000000086f00000, 0x0000000086f00000, 0x0000000087000000|  0%| F|  |TAMS 0x0000000086f00000| PB 0x0000000086f00000| Untracked |  0
|  48|0x0000000087000000, 0x0000000087000000, 0x0000000087100000|  0%| F|  |TAMS 0x0000000087000000| PB 0x0000000087000000| Untracked |  0
|  49|0x0000000087100000, 0x0000000087100000, 0x0000000087200000|  0%| F|  |TAMS 0x0000000087100000| PB 0x0000000087100000| Untracked |  0
|  50|0x0000000087200000, 0x0000000087200000, 0x0000000087300000|  0%| F|  |TAMS 0x0000000087200000| PB 0x0000000087200000| Untracked |  0
|  51|0x0000000087300000, 0x0000000087300000, 0x0000000087400000|  0%| F|  |TAMS 0x0000000087300000| PB 0x0000000087300000| Untracked |  0
|  52|0x0000000087400000, 0x0000000087400000, 0x0000000087500000|  0%| F|  |TAMS 0x0000000087400000| PB 0x0000000087400000| Untracked |  0
|  53|0x0000000087500000, 0x0000000087500000, 0x0000000087600000|  0%| F|  |TAMS 0x0000000087500000| PB 0x0000000087500000| Untracked |  0
|  54|0x0000000087600000, 0x0000000087600000, 0x0000000087700000|  0%| F|  |TAMS 0x0000000087600000| PB 0x0000000087600000| Untracked |  0
|  55|0x0000000087700000, 0x0000000087700000, 0x0000000087800000|  0%| F|  |TAMS 0x0000000087700000| PB 0x0000000087700000| Untracked |  0
|  56|0x0000000087800000, 0x0000000087800000, 0x0000000087900000|  0%| F|  |TAMS 0x0000000087800000| PB 0x0000000087800000| Untracked |  0
|  57|0x0000000087900000, 0x0000000087900000, 0x0000000087a00000|  0%| F|  |TAMS 0x0000000087900000| PB 0x0000000087900000| Untracked |  0
|  58|0x0000000087a00000, 0x0000000087a00000, 0x0000000087b00000|  0%| F|  |TAMS 0x0000000087a00000| PB 0x0000000087a00000| Untracked |  0
|  59|0x0000000087b00000, 0x0000000087b00000, 0x0000000087c00000|  0%| F|  |TAMS 0x0000000087b00000| PB 0x0000000087b00000| Untracked |  0
|  60|0x0000000087c00000, 0x0000000087c00000, 0x0000000087d00000|  0%| F|  |TAMS 0x0000000087c00000| PB 0x0000000087c00000| Untracked |  0
|  61|0x0000000087d00000, 0x0000000087d00000, 0x0000000087e00000|  0%| F|  |TAMS 0x0000000087d00000| PB 0x0000000087d00000| Untracked |  0
|  62|0x0000000087e00000, 0x0000000087e00000, 0x0000000087f00000|  0%| F|  |TAMS 0x0000000087e00000| PB 0x0000000087e00000| Untracked |  0
|  63|0x0000000087f00000, 0x0000000087f00000, 0x0000000088000000|  0%| F|  |TAMS 0x0000000087f00000| PB 0x0000000087f00000| Untracked |  0
|  64|0x0000000088000000, 0x0000000088000000, 0x0000000088100000|  0%| F|  |TAMS 0x0000000088000000| PB 0x0000000088000000| Untracked |  0
|  65|0x0000000088100000, 0x0000000088100000, 0x0000000088200000|  0%| F|  |TAMS 0x0000000088100000| PB 0x0000000088100000| Untracked |  0
|  66|0x0000000088200000, 0x0000000088200000, 0x0000000088300000|  0%| F|  |TAMS 0x0000000088200000| PB 0x0000000088200000| Untracked |  0
|  67|0x0000000088300000, 0x0000000088300000, 0x0000000088400000|  0%| F|  |TAMS 0x0000000088300000| PB 0x0000000088300000| Untracked |  0
|  68|0x0000000088400000, 0x0000000088400000, 0x0000000088500000|  0%| F|  |TAMS 0x0000000088400000| PB 0x0000000088400000| Untracked |  0
|  69|0x0000000088500000, 0x0000000088500000, 0x0000000088600000|  0%| F|  |TAMS 0x0000000088500000| PB 0x0000000088500000| Untracked |  0
|  70|0x0000000088600000, 0x0000000088600000, 0x0000000088700000|  0%| F|  |TAMS 0x0000000088600000| PB 0x0000000088600000| Untracked |  0
|  71|0x0000000088700000, 0x0000000088700000, 0x0000000088800000|  0%| F|  |TAMS 0x0000000088700000| PB 0x0000000088700000| Untracked |  0
|  72|0x0000000088800000, 0x0000000088800000, 0x0000000088900000|  0%| F|  |TAMS 0x0000000088800000| PB 0x0000000088800000| Untracked |  0
|  73|0x0000000088900000, 0x0000000088900000, 0x0000000088a00000|  0%| F|  |TAMS 0x0000000088900000| PB 0x0000000088900000| Untracked |  0
|  74|0x0000000088a00000, 0x0000000088a00000, 0x0000000088b00000|  0%| F|  |TAMS 0x0000000088a00000| PB 0x0000000088a00000| Untracked |  0
|  75|0x0000000088b00000, 0x0000000088b00000, 0x0000000088c00000|  0%| F|  |TAMS 0x0000000088b00000| PB 0x0000000088b00000| Untracked |  0
|  76|0x0000000088c00000, 0x0000000088c00000, 0x0000000088d00000|  0%| F|  |TAMS 0x0000000088c00000| PB 0x0000000088c00000| Untracked |  0
|  77|0x0000000088d00000, 0x0000000088d00000, 0x0000000088e00000|  0%| F|  |TAMS 0x0000000088d00000| PB 0x0000000088d00000| Untracked |  0
|  78|0x0000000088e00000, 0x0000000088e00000, 0x0000000088f00000|  0%| F|  |TAMS 0x0000000088e00000| PB 0x0000000088e00000| Untracked |  0
|  79|0x0000000088f00000, 0x0000000088f00000, 0x0000000089000000|  0%| F|  |TAMS 0x0000000088f00000| PB 0x0000000088f00000| Untracked |  0
|  80|0x0000000089000000, 0x0000000089000000, 0x0000000089100000|  0%| F|  |TAMS 0x0000000089000000| PB 0x0000000089000000| Untracked |  0
|  81|0x0000000089100000, 0x0000000089100000, 0x0000000089200000|  0%| F|  |TAMS 0x0000000089100000| PB 0x0000000089100000| Untracked |  0
|  82|0x0000000089200000, 0x0000000089200000, 0x0000000089300000|  0%| F|  |TAMS 0x0000000089200000| PB 0x0000000089200000| Untracked |  0
|  83|0x0000000089300000, 0x0000000089300000, 0x0000000089400000|  0%| F|  |TAMS 0x0000000089300000| PB 0x0000000089300000| Untracked |  0
|  84|0x0000000089400000, 0x0000000089400000, 0x0000000089500000|  0%| F|  |TAMS 0x0000000089400000| PB 0x0000000089400000| Untracked |  0
|  85|0x0000000089500000, 0x0000000089500000, 0x0000000089600000|  0%| F|  |TAMS 0x0000000089500000| PB 0x0000000089500000| Untracked |  0
|  86|0x0000000089600000, 0x0000000089600000, 0x0000000089700000|  0%| F|  |TAMS 0x0000000089600000| PB 0x0000000089600000| Untracked |  0
|  87|0x0000000089700000, 0x0000000089700000, 0x0000000089800000|  0%| F|  |TAMS 0x0000000089700000| PB 0x0000000089700000| Untracked |  0
|  88|0x0000000089800000, 0x0000000089800000, 0x0000000089900000|  0%| F|  |TAMS 0x0000000089800000| PB 0x0000000089800000| Untracked |  0
|  89|0x0000000089900000, 0x0000000089900000, 0x0000000089a00000|  0%| F|  |TAMS 0x0000000089900000| PB 0x0000000089900000| Untracked |  0
|  90|0x0000000089a00000, 0x0000000089a00000, 0x0000000089b00000|  0%| F|  |TAMS 0x0000000089a00000| PB 0x0000000089a00000| Untracked |  0
|  91|0x0000000089b00000, 0x0000000089b00000, 0x0000000089c00000|  0%| F|  |TAMS 0x0000000089b00000| PB 0x0000000089b00000| Untracked |  0
|  92|0x0000000089c00000, 0x0000000089c00000, 0x0000000089d00000|  0%| F|  |TAMS 0x0000000089c00000| PB 0x0000000089c00000| Untracked |  0
|  93|0x0000000089d00000, 0x0000000089d00000, 0x0000000089e00000|  0%| F|  |TAMS 0x0000000089d00000| PB 0x0000000089d00000| Untracked |  0
|  94|0x0000000089e00000, 0x0000000089e00000, 0x0000000089f00000|  0%| F|  |TAMS 0x0000000089e00000| PB 0x0000000089e00000| Untracked |  0
|  95|0x0000000089f00000, 0x0000000089f00000, 0x000000008a000000|  0%| F|  |TAMS 0x0000000089f00000| PB 0x0000000089f00000| Untracked |  0
|  96|0x000000008a000000, 0x000000008a000000, 0x000000008a100000|  0%| F|  |TAMS 0x000000008a000000| PB 0x000000008a000000| Untracked |  0
|  97|0x000000008a100000, 0x000000008a100000, 0x000000008a200000|  0%| F|  |TAMS 0x000000008a100000| PB 0x000000008a100000| Untracked |  0
|  98|0x000000008a200000, 0x000000008a200000, 0x000000008a300000|  0%| F|  |TAMS 0x000000008a200000| PB 0x000000008a200000| Untracked |  0
|  99|0x000000008a300000, 0x000000008a300000, 0x000000008a400000|  0%| F|  |TAMS 0x000000008a300000| PB 0x000000008a300000| Untracked |  0
| 100|0x000000008a400000, 0x000000008a400000, 0x000000008a500000|  0%| F|  |TAMS 0x000000008a400000| PB 0x000000008a400000| Untracked |  0
| 101|0x000000008a500000, 0x000000008a500000, 0x000000008a600000|  0%| F|  |TAMS 0x000000008a500000| PB 0x000000008a500000| Untracked |  0
| 102|0x000000008a600000, 0x000000008a600000, 0x000000008a700000|  0%| F|  |TAMS 0x000000008a600000| PB 0x000000008a600000| Untracked |  0
| 103|0x000000008a700000, 0x000000008a700000, 0x000000008a800000|  0%| F|  |TAMS 0x000000008a700000| PB 0x000000008a700000| Untracked |  0
| 104|0x000000008a800000, 0x000000008a800000, 0x000000008a900000|  0%| F|  |TAMS 0x000000008a800000| PB 0x000000008a800000| Untracked |  0
| 105|0x000000008a900000, 0x000000008a900000, 0x000000008aa00000|  0%| F|  |TAMS 0x000000008a900000| PB 0x000000008a900000| Untracked |  0
| 106|0x000000008aa00000, 0x000000008aa00000, 0x000000008ab00000|  0%| F|  |TAMS 0x000000008aa00000| PB 0x000000008aa00000| Untracked |  0
| 107|0x000000008ab00000, 0x000000008ab00000, 0x000000008ac00000|  0%| F|  |TAMS 0x000000008ab00000| PB 0x000000008ab00000| Untracked |  0
| 108|0x000000008ac00000, 0x000000008ac00000, 0x000000008ad00000|  0%| F|  |TAMS 0x000000008ac00000| PB 0x000000008ac00000| Untracked |  0
| 109|0x000000008ad00000, 0x000000008ad00000, 0x000000008ae00000|  0%| F|  |TAMS 0x000000008ad00000| PB 0x000000008ad00000| Untracked |  0
| 110|0x000000008ae00000, 0x000000008ae00000, 0x000000008af00000|  0%| F|  |TAMS 0x000000008ae00000| PB 0x000000008ae00000| Untracked |  0
| 111|0x000000008af00000, 0x000000008af00000, 0x000000008b000000|  0%| F|  |TAMS 0x000000008af00000| PB 0x000000008af00000| Untracked |  0
| 112|0x000000008b000000, 0x000000008b000000, 0x000000008b100000|  0%| F|  |TAMS 0x000000008b000000| PB 0x000000008b000000| Untracked |  0
| 113|0x000000008b100000, 0x000000008b100000, 0x000000008b200000|  0%| F|  |TAMS 0x000000008b100000| PB 0x000000008b100000| Untracked |  0
| 114|0x000000008b200000, 0x000000008b300000, 0x000000008b300000|100%| E|  |TAMS 0x000000008b200000| PB 0x000000008b200000| Complete |  0
| 115|0x000000008b300000, 0x000000008b400000, 0x000000008b400000|100%| E|CS|TAMS 0x000000008b300000| PB 0x000000008b300000| Complete |  0
| 116|0x000000008b400000, 0x000000008b500000, 0x000000008b500000|100%| E|CS|TAMS 0x000000008b400000| PB 0x000000008b400000| Complete |  0
| 117|0x000000008b500000, 0x000000008b600000, 0x000000008b600000|100%| E|CS|TAMS 0x000000008b500000| PB 0x000000008b500000| Complete |  0
| 118|0x000000008b600000, 0x000000008b700000, 0x000000008b700000|100%| E|  |TAMS 0x000000008b600000| PB 0x000000008b600000| Complete |  0
| 119|0x000000008b700000, 0x000000008b800000, 0x000000008b800000|100%| E|CS|TAMS 0x000000008b700000| PB 0x000000008b700000| Complete |  0
| 120|0x000000008b800000, 0x000000008b900000, 0x000000008b900000|100%| E|CS|TAMS 0x000000008b800000| PB 0x000000008b800000| Complete |  0
| 121|0x000000008b900000, 0x000000008ba00000, 0x000000008ba00000|100%| E|CS|TAMS 0x000000008b900000| PB 0x000000008b900000| Complete |  0
| 122|0x000000008ba00000, 0x000000008bb00000, 0x000000008bb00000|100%| E|CS|TAMS 0x000000008ba00000| PB 0x000000008ba00000| Complete |  0
| 123|0x000000008bb00000, 0x000000008bc00000, 0x000000008bc00000|100%| E|CS|TAMS 0x000000008bb00000| PB 0x000000008bb00000| Complete |  0

Card table byte_map: [0x000002272a160000,0x000002272a540000] _byte_map_base: 0x0000022729d40000

Marking Bits: (CMBitMap*) 0x000002271e0e9f80
 Bits: [0x000002272a540000, 0x000002272c440000)

Polling page: 0x000002271e150000

Metaspace:

Usage:
  Non-class:      2.63 MB used.
      Class:    373.40 KB used.
       Both:      2.99 MB used.

Virtual space:
  Non-class space:       64.00 MB reserved,       2.69 MB (  4%) committed,  1 nodes.
      Class space:        1.00 GB reserved,     448.00 KB ( <1%) committed,  1 nodes.
             Both:        1.06 GB reserved,       3.12 MB ( <1%) committed. 

Chunk freelists:
   Non-Class:  11.91 MB
       Class:  15.58 MB
        Both:  27.49 MB

MaxMetaspaceSize: unlimited
CompressedClassSpaceSize: 1.00 GB
Initial GC threshold: 21.00 MB
Current GC threshold: 21.00 MB
CDS: on
 - commit_granule_bytes: 65536.
 - commit_granule_words: 8192.
 - virtual_space_node_default_size: 8388608.
 - enlarge_chunks_in_place: 1.
 - use_allocation_guard: 0.


Internal statistics:

num_allocs_failed_limit: 0.
num_arena_births: 88.
num_arena_deaths: 0.
num_vsnodes_births: 2.
num_vsnodes_deaths: 0.
num_space_committed: 50.
num_space_uncommitted: 0.
num_chunks_returned_to_freelist: 0.
num_chunks_taken_from_freelist: 93.
num_chunk_merges: 0.
num_chunk_splits: 66.
num_chunks_enlarged: 41.
num_inconsistent_stats: 0.

CodeCache: size=49152Kb used=3953Kb max_used=3953Kb free=45198Kb
 bounds [0x0000022726500000, 0x00000227268e0000, 0x0000022729500000]
 total_blobs=1193 nmethods=727 adapters=379
 compilation: enabled
              stopped_count=0, restarted_count=0
 full_count=0

Compilation events (20 events):
Event: 0.994 Thread 0x000002272ef08dc0 nmethod 717 0x00000227268d6b10 code [0x00000227268d6cc0, 0x00000227268d6dc0]
Event: 0.994 Thread 0x000002272ef08dc0  718       1       sun.invoke.util.BytecodeDescriptor::unparseSig (49 bytes)
Event: 0.994 Thread 0x000002272ef08dc0 nmethod 718 0x00000227268d6e90 code [0x00000227268d70a0, 0x00000227268d7338]
Event: 0.994 Thread 0x000002277421b1f0  719       1       java.lang.ref.Cleaner::register (25 bytes)
Event: 0.994 Thread 0x000002272ef08dc0  720       1       jdk.internal.ref.CleanerImpl$PhantomCleanableRef::<init> (12 bytes)
Event: 0.995 Thread 0x0000022774218710 nmethod 716 0x00000227268d7510 code [0x00000227268d7740, 0x00000227268d7a98]
Event: 0.995 Thread 0x000002272ef08dc0 nmethod 720 0x00000227268d7d90 code [0x00000227268d7f40, 0x00000227268d8088]
Event: 0.995 Thread 0x000002277421b1f0 nmethod 719 0x00000227268d8110 code [0x00000227268d8300, 0x00000227268d8630]
Event: 0.999 Thread 0x000002272ef08dc0  722       1       java.lang.invoke.DirectMethodHandle::<init> (148 bytes)
Event: 1.000 Thread 0x000002272ef08dc0 nmethod 722 0x00000227268d8a90 code [0x00000227268d8cc0, 0x00000227268d91c0]
Event: 1.000 Thread 0x000002277421b1f0  723       1       sun.nio.fs.NativeBuffer::setOwner (6 bytes)
Event: 1.000 Thread 0x000002277421b1f0 nmethod 723 0x00000227268d9410 code [0x00000227268d95c0, 0x00000227268d96d0]
Event: 1.001 Thread 0x000002277421b1f0  724       1       sun.nio.fs.NativeBuffer::size (5 bytes)
Event: 1.001 Thread 0x000002277421b1f0 nmethod 724 0x00000227268d9790 code [0x00000227268d9940, 0x00000227268d9a08]
Event: 1.005 Thread 0x000002277421b1f0  725       1       java.lang.invoke.MethodType::toMethodDescriptorString (28 bytes)
Event: 1.005 Thread 0x0000022774218710  726       1       java.lang.invoke.MethodHandles$Lookup::isClassAccessible (53 bytes)
Event: 1.005 Thread 0x000002277421b1f0 nmethod 725 0x00000227268d9a90 code [0x00000227268d9c40, 0x00000227268d9d98]
Event: 1.005 Thread 0x0000022774218710 nmethod 726 0x00000227268d9e10 code [0x00000227268da000, 0x00000227268da270]
Event: 1.008 Thread 0x0000022774218710  727       1       java.lang.invoke.MethodHandles$Lookup::checkAccess (200 bytes)
Event: 1.009 Thread 0x0000022774218710 nmethod 727 0x00000227268da410 code [0x00000227268da640, 0x00000227268dab60]

GC Heap History (0 events):
No events

Dll operation events (10 events):
Event: 0.050 Loaded shared library C:\Users\malak\.jdks\valhalla-ea-23-valhalla+1-90\bin\java.dll
Event: 0.416 Loaded shared library C:\Users\malak\.jdks\valhalla-ea-23-valhalla+1-90\bin\zip.dll
Event: 0.423 Loaded shared library C:\Users\malak\.jdks\valhalla-ea-23-valhalla+1-90\bin\instrument.dll
Event: 0.437 Loaded shared library C:\Users\malak\.jdks\valhalla-ea-23-valhalla+1-90\bin\net.dll
Event: 0.443 Loaded shared library C:\Users\malak\.jdks\valhalla-ea-23-valhalla+1-90\bin\nio.dll
Event: 0.451 Loaded shared library C:\Users\malak\.jdks\valhalla-ea-23-valhalla+1-90\bin\zip.dll
Event: 0.699 Loaded shared library C:\Users\malak\.jdks\valhalla-ea-23-valhalla+1-90\bin\jimage.dll
Event: 0.713 Loaded shared library C:\Users\malak\.jdks\valhalla-ea-23-valhalla+1-90\bin\extnet.dll
Event: 0.766 Loaded shared library C:\Users\malak\.jdks\valhalla-ea-23-valhalla+1-90\bin\management.dll
Event: 0.791 Loaded shared library C:\Users\malak\.jdks\valhalla-ea-23-valhalla+1-90\bin\management_ext.dll

Deoptimization events (0 events):
No events

Classes loaded (20 events):
Event: 1.011 Loading class java/nio/channels/SeekableByteChannel done
Event: 1.011 Loading class java/nio/channels/GatheringByteChannel
Event: 1.011 Loading class java/nio/channels/GatheringByteChannel done
Event: 1.011 Loading class java/nio/channels/ScatteringByteChannel
Event: 1.011 Loading class java/nio/channels/ScatteringByteChannel done
Event: 1.011 Loading class java/nio/channels/FileChannel done
Event: 1.011 Loading class sun/nio/ch/FileChannelImpl done
Event: 1.012 Loading class sun/nio/ch/FileDispatcherImpl
Event: 1.012 Loading class sun/nio/ch/FileDispatcher
Event: 1.012 Loading class sun/nio/ch/FileDispatcher done
Event: 1.012 Loading class sun/nio/ch/FileDispatcherImpl done
Event: 1.012 Loading class java/nio/channels/spi/AbstractInterruptibleChannel$1
Event: 1.012 Loading class sun/nio/ch/Interruptible
Event: 1.012 Loading class sun/nio/ch/Interruptible done
Event: 1.012 Loading class java/nio/channels/spi/AbstractInterruptibleChannel$1 done
Event: 1.012 Loading class sun/nio/ch/NativeThreadSet
Event: 1.013 Loading class sun/nio/ch/NativeThreadSet done
Event: 1.013 Loading class sun/nio/ch/FileChannelImpl$Closer
Event: 1.013 Loading class sun/nio/ch/FileChannelImpl$Closer done
Event: 1.013 Loading class java/nio/channels/Channels

Classes unloaded (0 events):
No events

Classes redefined (0 events):
No events

Internal exceptions (7 events):
Event: 0.651 Thread 0x000002271c6ccc30 Exception <a 'java/lang/NoSuchMethodError'{0x000000008b5a71d0}: 'void java.lang.invoke.DirectMethodHandle$Holder.invokeStatic(java.lang.Object, java.lang.Object, java.lang.Object)'> (0x000000008b5a71d0) 
thrown [s\open\src\hotspot\share\interpreter\linkResolver.cpp, line 774]
Event: 0.680 Thread 0x000002271c6ccc30 Exception <a 'java/lang/NoSuchMethodError'{0x000000008b5bec98}: 'java.lang.Object java.lang.invoke.Invokers$Holder.invokeExact_MT(java.lang.Object, java.lang.Object, java.lang.Object, java.lang.Object, java.lang.Object)'> (0x000000008b5bec98) 
thrown [s\open\src\hotspot\share\interpreter\linkResolver.cpp, line 774]
Event: 0.720 Thread 0x000002277453e140 Exception <a 'java/lang/NoSuchMethodError'{0x000000008b5f8650}: 'void java.lang.invoke.DirectMethodHandle$Holder.invokeStatic(java.lang.Object, java.lang.Object)'> (0x000000008b5f8650) 
thrown [s\open\src\hotspot\share\interpreter\linkResolver.cpp, line 774]
Event: 0.802 Thread 0x000002271c6ccc30 Exception <a 'java/lang/NoSuchMethodError'{0x000000008b4915f0}: 'int java.lang.invoke.DirectMethodHandle$Holder.invokeInterface(java.lang.Object, java.lang.Object)'> (0x000000008b4915f0) 
thrown [s\open\src\hotspot\share\interpreter\linkResolver.cpp, line 774]
Event: 0.802 Thread 0x000002271c6ccc30 Exception <a 'java/lang/IncompatibleClassChangeError'{0x000000008b494920}: Found class java.lang.Object, but interface was expected> (0x000000008b494920) 
thrown [s\open\src\hotspot\share\interpreter\linkResolver.cpp, line 841]
Event: 0.912 Thread 0x000002271c6ccc30 Exception <a 'java/lang/NoSuchMethodError'{0x000000008b35ed48}: 'int java.lang.invoke.DirectMethodHandle$Holder.invokeSpecial(java.lang.Object, java.lang.Object, java.lang.Object)'> (0x000000008b35ed48) 
thrown [s\open\src\hotspot\share\interpreter\linkResolver.cpp, line 774]
Event: 0.993 Thread 0x000002271c6ccc30 Exception <a 'java/lang/NoSuchMethodError'{0x000000008b2ac958}: 'java.lang.Object java.lang.invoke.DirectMethodHandle$Holder.invokeStaticInit(java.lang.Object, java.lang.Object, java.lang.Object)'> (0x000000008b2ac958) 
thrown [s\open\src\hotspot\share\interpreter\linkResolver.cpp, line 774]

VM Operations (6 events):
Event: 0.388 Executing VM operation: HandshakeAllThreads (Deoptimize)
Event: 0.388 Executing VM operation: HandshakeAllThreads (Deoptimize) done
Event: 0.698 Executing VM operation: HandshakeAllThreads (Deoptimize)
Event: 0.698 Executing VM operation: HandshakeAllThreads (Deoptimize) done
Event: 0.812 Executing VM operation: HandshakeAllThreads (Deoptimize)
Event: 0.812 Executing VM operation: HandshakeAllThreads (Deoptimize) done

Events (14 events):
Event: 0.093 Thread 0x000002271c6ccc30 Thread added: 0x000002271c6ccc30
Event: 0.139 Thread 0x000002272eefec40 Thread added: 0x000002272eefec40
Event: 0.140 Thread 0x000002272ef009e0 Thread added: 0x000002272ef009e0
Event: 0.141 Thread 0x000002272ef053f0 Thread added: 0x000002272ef053f0
Event: 0.141 Thread 0x000002272ef05e60 Thread added: 0x000002272ef05e60
Event: 0.141 Thread 0x000002272ef078e0 Thread added: 0x000002272ef078e0
Event: 0.141 Thread 0x000002272ef08350 Thread added: 0x000002272ef08350
Event: 0.141 Thread 0x000002272ef08dc0 Thread added: 0x000002272ef08dc0
Event: 0.372 Thread 0x000002272eebea60 Thread added: 0x000002272eebea60
Event: 0.389 Thread 0x000002277420f940 Thread added: 0x000002277420f940
Event: 0.390 Thread 0x0000022774218710 Thread added: 0x0000022774218710
Event: 0.392 Thread 0x000002277421b1f0 Thread added: 0x000002277421b1f0
Event: 0.686 Thread 0x000002277453e140 Thread added: 0x000002277453e140
Event: 0.687 Thread 0x000002277453e7c0 Thread added: 0x000002277453e7c0


Dynamic libraries:
0x00007ff6202b0000 - 0x00007ff6202be000 	C:\Users\malak\.jdks\valhalla-ea-23-valhalla+1-90\bin\java.exe
0x00007ffe245a0000 - 0x00007ffe24808000 	C:\WINDOWS\SYSTEM32\ntdll.dll
0x00007ffe235d0000 - 0x00007ffe23699000 	C:\WINDOWS\System32\KERNEL32.DLL
0x00007ffe21880000 - 0x00007ffe21c72000 	C:\WINDOWS\System32\KERNELBASE.dll
0x00007ffe21730000 - 0x00007ffe2187b000 	C:\WINDOWS\System32\ucrtbase.dll
0x00007ffde0530000 - 0x00007ffde0547000 	C:\Users\malak\.jdks\valhalla-ea-23-valhalla+1-90\bin\jli.dll
0x00007ffde0550000 - 0x00007ffde056b000 	C:\Users\malak\.jdks\valhalla-ea-23-valhalla+1-90\bin\VCRUNTIME140.dll
0x00007ffe227e0000 - 0x00007ffe229a5000 	C:\WINDOWS\System32\USER32.dll
0x00007ffe21f70000 - 0x00007ffe21f97000 	C:\WINDOWS\System32\win32u.dll
0x00007ffe22580000 - 0x00007ffe225ab000 	C:\WINDOWS\System32\GDI32.dll
0x00007ffe20b40000 - 0x00007ffe20dd3000 	C:\WINDOWS\WinSxS\amd64_microsoft.windows.common-controls_6595b64144ccf1df_6.0.26100.6899_none_3e0efeeae32e88c1\COMCTL32.dll
0x00007ffe22040000 - 0x00007ffe2216d000 	C:\WINDOWS\System32\gdi32full.dll
0x00007ffe223f0000 - 0x00007ffe22499000 	C:\WINDOWS\System32\msvcrt.dll
0x00007ffe22230000 - 0x00007ffe222d3000 	C:\WINDOWS\System32\msvcp_win.dll
0x00007ffe23bc0000 - 0x00007ffe23bef000 	C:\WINDOWS\System32\IMM32.DLL
0x00007ffde0520000 - 0x00007ffde052c000 	C:\Users\malak\.jdks\valhalla-ea-23-valhalla+1-90\bin\vcruntime140_1.dll
0x00007ffd8f750000 - 0x00007ffd8f7de000 	C:\Users\malak\.jdks\valhalla-ea-23-valhalla+1-90\bin\msvcp140.dll
0x00007ffd316e0000 - 0x00007ffd3249d000 	C:\Users\malak\.jdks\valhalla-ea-23-valhalla+1-90\bin\server\jvm.dll
0x00007ffe23cc0000 - 0x00007ffe23d74000 	C:\WINDOWS\System32\ADVAPI32.dll
0x00007ffe224d0000 - 0x00007ffe22576000 	C:\WINDOWS\System32\sechost.dll
0x00007ffe23340000 - 0x00007ffe23458000 	C:\WINDOWS\System32\RPCRT4.dll
0x00007ffe225b0000 - 0x00007ffe22624000 	C:\WINDOWS\System32\WS2_32.dll
0x00007ffe21590000 - 0x00007ffe215ee000 	C:\WINDOWS\SYSTEM32\POWRPROF.dll
0x00007ffe1f240000 - 0x00007ffe1f24b000 	C:\WINDOWS\SYSTEM32\VERSION.dll
0x00007ffe14d40000 - 0x00007ffe14d75000 	C:\WINDOWS\SYSTEM32\WINMM.dll
0x00007ffe21570000 - 0x00007ffe21584000 	C:\WINDOWS\SYSTEM32\UMPDC.dll
0x00007ffe1fe40000 - 0x00007ffe1fe5b000 	C:\WINDOWS\SYSTEM32\kernel.appcore.dll
0x00007ffde0510000 - 0x00007ffde051a000 	C:\Users\malak\.jdks\valhalla-ea-23-valhalla+1-90\bin\jimage.dll
0x00007ffe20ef0000 - 0x00007ffe21132000 	C:\WINDOWS\SYSTEM32\DBGHELP.DLL
0x00007ffe236a0000 - 0x00007ffe23a1b000 	C:\WINDOWS\System32\combase.dll
0x00007ffe22dd0000 - 0x00007ffe22ea7000 	C:\WINDOWS\System32\OLEAUT32.dll
0x00007ffe20de0000 - 0x00007ffe20e1c000 	C:\WINDOWS\SYSTEM32\dbgcore.DLL
0x00007ffe21fa0000 - 0x00007ffe22038000 	C:\WINDOWS\System32\bcryptPrimitives.dll
0x00007ffdde0d0000 - 0x00007ffdde0df000 	C:\Users\malak\.jdks\valhalla-ea-23-valhalla+1-90\bin\instrument.dll
0x00007ffdde120000 - 0x00007ffdde13e000 	C:\Users\malak\.jdks\valhalla-ea-23-valhalla+1-90\bin\java.dll
0x00007ffe23e10000 - 0x00007ffe2455d000 	C:\WINDOWS\System32\SHELL32.dll
0x00007ffe21c80000 - 0x00007ffe21deb000 	C:\WINDOWS\System32\wintypes.dll
0x00007ffe229d0000 - 0x00007ffe22b68000 	C:\WINDOWS\System32\ole32.dll
0x00007ffe1e380000 - 0x00007ffe1ebdd000 	C:\WINDOWS\SYSTEM32\windows.storage.dll
0x00007ffe22630000 - 0x00007ffe22722000 	C:\WINDOWS\System32\SHCORE.dll
0x00007ffe23a20000 - 0x00007ffe23a82000 	C:\WINDOWS\System32\shlwapi.dll
0x00007ffe21650000 - 0x00007ffe21679000 	C:\WINDOWS\SYSTEM32\profapi.dll
0x00007ffdde0e0000 - 0x00007ffdde0f7000 	C:\Users\malak\.jdks\valhalla-ea-23-valhalla+1-90\bin\zip.dll
0x00007ffde0500000 - 0x00007ffde0510000 	C:\Users\malak\.jdks\valhalla-ea-23-valhalla+1-90\bin\net.dll
0x00007ffe1fa60000 - 0x00007ffe1facb000 	C:\WINDOWS\system32\mswsock.dll
0x00007ffdde100000 - 0x00007ffdde116000 	C:\Users\malak\.jdks\valhalla-ea-23-valhalla+1-90\bin\nio.dll
0x00007ffdd84b0000 - 0x00007ffdd84b9000 	C:\Users\malak\.jdks\valhalla-ea-23-valhalla+1-90\bin\extnet.dll
0x00007ffe1eff0000 - 0x00007ffe1f116000 	C:\WINDOWS\SYSTEM32\DNSAPI.dll
0x00007ffe1ef50000 - 0x00007ffe1ef84000 	C:\WINDOWS\SYSTEM32\IPHLPAPI.DLL
0x00007ffe229c0000 - 0x00007ffe229ca000 	C:\WINDOWS\System32\NSI.dll
0x00007ffe14790000 - 0x00007ffe1479b000 	C:\Windows\System32\rasadhlp.dll
0x00007ffe1ae30000 - 0x00007ffe1aeb6000 	C:\WINDOWS\System32\fwpuclnt.dll
0x00007ffdd83f0000 - 0x00007ffdd83fa000 	C:\Users\malak\.jdks\valhalla-ea-23-valhalla+1-90\bin\management.dll
0x00007ffdd77f0000 - 0x00007ffdd77fb000 	C:\Users\malak\.jdks\valhalla-ea-23-valhalla+1-90\bin\management_ext.dll
0x00007ffe23bb0000 - 0x00007ffe23bb8000 	C:\WINDOWS\System32\PSAPI.DLL

dbghelp: loaded successfully - version: 4.0.5 - missing functions: none
symbol engine: initialized successfully - sym options: 0x614 - pdb path: .;C:\Users\malak\.jdks\valhalla-ea-23-valhalla+1-90\bin;C:\WINDOWS\SYSTEM32;C:\WINDOWS\WinSxS\amd64_microsoft.windows.common-controls_6595b64144ccf1df_6.0.26100.6899_none_3e0efeeae32e88c1;C:\Users\malak\.jdks\valhalla-ea-23-valhalla+1-90\bin\server

VM Arguments:
jvm_args: -XX:TieredStopAtLevel=1 -Dspring.output.ansi.enabled=always -Dcom.sun.management.jmxremote -Dspring.jmx.enabled=true -Dspring.liveBeansView.mbeanDomain -Dspring.application.admin.enabled=true -Dmanagement.endpoints.jmx.exposure.include=* -javaagent:C:\JetBrains\IntelliJ IDEA\lib\idea_rt.jar=65175 -Dfile.encoding=UTF-8 -Dsun.stdout.encoding=UTF-8 -Dsun.stderr.encoding=UTF-8 
java_command: com.electronics.backend.BackendApplication
java_class_path (initial): C:\Users\malak\mario-valencia-electronics\backend\target\classes;C:\Users\malak\.m2\repository\org\springframework\boot\spring-boot-starter-data-jpa\3.5.6\spring-boot-starter-data-jpa-3.5.6.jar;C:\Users\malak\.m2\repository\org\springframework\boot\spring-boot-starter\3.5.6\spring-boot-starter-3.5.6.jar;C:\Users\malak\.m2\repository\org\springframework\boot\spring-boot-starter-logging\3.5.6\spring-boot-starter-logging-3.5.6.jar;C:\Users\malak\.m2\repository\ch\qos\logback\logback-classic\1.5.18\logback-classic-1.5.18.jar;C:\Users\malak\.m2\repository\ch\qos\logback\logback-core\1.5.18\logback-core-1.5.18.jar;C:\Users\malak\.m2\repository\org\apache\logging\log4j\log4j-to-slf4j\2.24.3\log4j-to-slf4j-2.24.3.jar;C:\Users\malak\.m2\repository\org\apache\logging\log4j\log4j-api\2.24.3\log4j-api-2.24.3.jar;C:\Users\malak\.m2\repository\org\slf4j\jul-to-slf4j\2.0.17\jul-to-slf4j-2.0.17.jar;C:\Users\malak\.m2\repository\jakarta\annotation\jakarta.annotation-api\2.1.1\jakarta.annotation-api-2.1.1.jar;C:\Users\malak\.m2\repository\org\yaml\snakeyaml\2.4\snakeyaml-2.4.jar;C:\Users\malak\.m2\repository\org\springframework\boot\spring-boot-starter-jdbc\3.5.6\spring-boot-starter-jdbc-3.5.6.jar;C:\Users\malak\.m2\repository\com\zaxxer\HikariCP\6.3.3\HikariCP-6.3.3.jar;C:\Users\malak\.m2\repository\org\springframework\spring-jdbc\6.2.11\spring-jdbc-6.2.11.jar;C:\Users\malak\.m2\repository\org\hibernate\orm\hibernate-core\6.6.29.Final\hibernate-core-6.6.29.Final.jar;C:\Users\malak\.m2\repository\jakarta\persistence\jakarta.persistence-api\3.1.0\jakarta.persistence-api-3.1.0.jar;C:\Users\malak\.m2\repository\jakarta\transaction\jakarta.transaction-api\2.0.1\jakarta.transaction-api-2.0.1.jar;C:\Users\malak\.m2\repository\org\jboss\logging\jboss-logging\3.6.1.Final\jboss-logging-3.6.1.Final.jar;C:\Users\malak\.m2\repository\org\hibernate\common\hibernate-commons-annotations\7.0.3.Final\hibernate-commons-annotations-7.0.3.Final.jar;C:\Users\malak\.m2\repository\io\smallrye\jandex\3.2.0\jandex-3.2.0.jar;C:\Users\malak\.m2\repository\com\fasterxml\classmate\1.7.0\classmate-1.7.0.jar;C:\Users\malak\.m2\repository\net\bytebuddy\byte-buddy\1.17.7\byte-buddy-1.17.7.jar;C:\Users\malak\.m2\repository\org\glassfish\jaxb\jaxb-runtime\4.0.5\jaxb-runtime-4.0.5.jar;C:\Users\malak\.m2\repository\org\glassfish\jaxb\jaxb-core\4.0.5\jaxb-core-4.0.5.jar;C:\Users\malak\.m2\repository\org\eclipse\angus\angus-activation\2.0.2\angus-activation-2.0.2.jar;C:\Users\malak\.m2\repository\org\glassfish\jaxb\txw2\4.0.5\txw2-4.0.5.jar;C:\Users\malak\.m2\repository\com\sun\istack\istack-commons-runtime\4.1.2\istack-commons-runtime-4.1.2.jar;C:\Users\malak\.m2\repository\jakarta\inject\jakarta.inject-api\2.0.1\jakarta.inject-api-2.0.1.jar;C:\Users\malak\.m2\repository\org\antlr\antlr4-runtime\4.13.0\antlr4-runtime-4.13.0.jar;C:\Users\malak\.m2\repository\org\springframework\data\spring-data-jpa\3.5.4\spring-data-jpa-3.5.4.jar;C:\Users\malak\.m2\repository\org\springframework\data\spring-data-commons\3.5.4\spring-data-commons-3.5.4.jar;C:\Users\malak\.m2\repository\org\springframework\spring-orm\6.2.11\spring-orm-6.2.11.jar;C:\Users\malak\.m2\repository\org\springframework\spring-context\6.2.11\spring-context-6.2.11.jar;C:\Users\malak\.m2\repository\org\springframework\spring-aop\6.2.11\spring-aop-6.2.11.jar;C:\Users\malak\.m2\repository\org\springframework\spring-tx\6.2.11\spring-tx-6.2.11.jar;C:\Users\malak\.m2\repository\org\springframework\spring-beans\6.2.11\spring-beans-6.2.11.jar;C:\Users\malak\.m2\repository\org\slf4j\slf4j-api\2.0.17\slf4j-api-2.0.17.jar;C:\Users\malak\.m2\repository\org\springframework\spring-aspects\6.2.11\spring-aspects-6.2.11.jar;C:\Users\malak\.m2\repository\org\aspectj\aspectjweaver\1.9.24\aspectjweaver-1.9.24.jar;C:\Users\malak\.m2\repository\org\springframework\boot\spring-boot-starter-web\3.5.6\spring-boot-starter-web-3.5.6.jar;C:\Users\malak\.m2\repository\org\springframework\boot\spring-boot-starter-json\3.5.6\spring-boot-starter-json-3.5.6.jar;C:\Users\malak\.m2\repository\com\fasterxml\jackson\core\jackson-databind\2.19.2\jackson-databind-2.19.2.jar;C:\Users\malak\.m2\repository\com\fasterxml\jackson\core\jackson-annotations\2.19.2\jackson-annotations-2.19.2.jar;C:\Users\malak\.m2\repository\com\fasterxml\jackson\core\jackson-core\2.19.2\jackson-core-2.19.2.jar;C:\Users\malak\.m2\repository\com\fasterxml\jackson\datatype\jackson-datatype-jdk8\2.19.2\jackson-datatype-jdk8-2.19.2.jar;C:\Users\malak\.m2\repository\com\fasterxml\jackson\datatype\jackson-datatype-jsr310\2.19.2\jackson-datatype-jsr310-2.19.2.jar;C:\Users\malak\.m2\repository\com\fasterxml\jackson\module\jackson-module-parameter-names\2.19.2\jackson-module-parameter-names-2.19.2.jar;C:\Users\malak\.m2\repository\org\springframework\boot\spring-boot-starter-tomcat\3.5.6\spring-boot-starter-tomcat-3.5.6.jar;C:\Users\malak\.m2\repository\org\apache\tomcat\embed\tomcat-embed-core\10.1.46\tomcat-embed-core-10.1.46.jar;C:\Users\malak\.m2\repository\org\apache\tomcat\embed\tomcat-embed-el\10.1.46\tomcat-embed-el-10.1.46.jar;C:\Users\malak\.m2\repository\org\apache\tomcat\embed\tomcat-embed-websocket\10.1.46\tomcat-embed-websocket-10.1.46.jar;C:\Users\malak\.m2\repository\org\springframework\spring-web\6.2.11\spring-web-6.2.11.jar;C:\Users\malak\.m2\repository\io\micrometer\micrometer-observation\1.15.4\micrometer-observation-1.15.4.jar;C:\Users\malak\.m2\repository\io\micrometer\micrometer-commons\1.15.4\micrometer-commons-1.15.4.jar;C:\Users\malak\.m2\repository\org\springframework\spring-webmvc\6.2.11\spring-webmvc-6.2.11.jar;C:\Users\malak\.m2\repository\org\springframework\spring-expression\6.2.11\spring-expression-6.2.11.jar;C:\Users\malak\.m2\repository\org\springframework\boot\spring-boot-devtools\3.5.6\spring-boot-devtools-3.5.6.jar;C:\Users\malak\.m2\repository\org\springframework\boot\spring-boot\3.5.6\spring-boot-3.5.6.jar;C:\Users\malak\.m2\repository\org\springframework\boot\spring-boot-autoconfigure\3.5.6\spring-boot-autoconfigure-3.5.6.jar;C:\Users\malak\.m2\repository\com\mysql\mysql-connector-j\9.4.0\mysql-connector-j-9.4.0.jar;C:\Users\malak\.m2\repository\jakarta\xml\bind\jakarta.xml.bind-api\4.0.2\jakarta.xml.bind-api-4.0.2.jar;C:\Users\malak\.m2\repository\jakarta\activation\jakarta.activation-api\2.1.4\jakarta.activation-api-2.1.4.jar;C:\Users\malak\.m2\repository\org\springframework\spring-core\6.2.11\spring-core-6.2.11.jar;C:\Users\malak\.m2\repository\org\springframework\spring-jcl\6.2.11\spring-jcl-6.2.11.jar
Launcher Type: SUN_STANDARD

[Global flags]
     intx CICompilerCount                          = 4                                         {product} {ergonomic}
     uint ConcGCThreads                            = 2                                         {product} {ergonomic}
     uint G1ConcRefinementThreads                  = 8                                         {product} {ergonomic}
   size_t G1HeapRegionSize                         = 1048576                                   {product} {ergonomic}
   size_t InitialHeapSize                          = 130023424                                 {product} {ergonomic}
     bool ManagementServer                         = true                                      {product} {command line}
   size_t MarkStackSize                            = 4194304                                   {product} {ergonomic}
   size_t MarkStackSizeMax                         = 536870912                                 {product} {ergonomic}
   size_t MaxHeapSize                              = 2080374784                                {product} {ergonomic}
   size_t MaxNewSize                               = 1247805440                                {product} {ergonomic}
   size_t MinHeapDeltaBytes                        = 1048576                                   {product} {ergonomic}
   size_t MinHeapSize                              = 8388608                                   {product} {ergonomic}
    uintx NonNMethodCodeHeapSize                   = 4096                                   {pd product} {ergonomic}
    uintx NonProfiledCodeHeapSize                  = 0                                      {pd product} {ergonomic}
     bool ProfileInterpreter                       = false                                  {pd product} {command line}
    uintx ProfiledCodeHeapSize                     = 0                                      {pd product} {ergonomic}
   size_t SoftMaxHeapSize                          = 2080374784                             {manageable} {ergonomic}
     intx TieredStopAtLevel                        = 1                                         {product} {command line}
     bool UseCompressedOops                        = true                           {product lp64_product} {ergonomic}
     bool UseG1GC                                  = true                                      {product} {ergonomic}
     bool UseLargePagesIndividualAllocation        = false                                  {pd product} {ergonomic}

Logging:
Log output configuration:
 #0: stdout all=warning uptime,level,tags foldmultilines=false
 #1: stderr all=off uptime,level,tags foldmultilines=false

Environment Variables:
PATH=C:\WINDOWS\system32;C:\WINDOWS;C:\WINDOWS\System32\Wbem;C:\WINDOWS\System32\WindowsPowerShell\v1.0\;C:\WINDOWS\System32\OpenSSH\;C:\sqlite3;C:\Program Files\MATLAB\R2023b\runtime\win64;C:\Program Files\MATLAB\R2023b\bin;C:\Program Files\Git\cmd;C:\ProgramData\chocolatey\bin;C:\Program Files\nodejs\node_modules\npm;C:\Program Files (x86)\Microsoft SQL Server\160\Tools\Binn\;C:\Program Files\Microsoft SQL Server\160\Tools\Binn\;C:\Program Files\Microsoft SQL Server\Client SDK\ODBC\170\Tools\Binn\;C:\Program Files\Microsoft SQL Server\160\DTS\Binn\;C:\Users\Public\OneDrive\Bureau\intellij\bin;C:\Program Files\dotnet\;C:\Python\Python310\Scripts\;C:\Python\Python310\;C:\Users\malak\AppData\Local\Microsoft\WindowsApps;C:\Program Files\JetBrains\PyCharm Community Edition 2021.3.2\bin;;C:\Users\malak\AppData\Local\Programs\Microsoft VS Code\bin;C:\Program Files\nodejs;C:\Program Files\nodejs\node_modules\npm;C:\Users\malak\Downloads;C:\Users\malak\Downloads\sqlite-tools-linux-x64-3440000;C:\Program Files\MongoDB\Server;C:\Program Files\MongoDB\Server\6.0\bin;C:\Users\malak\.dotnet\tools
USERNAME=malak
OS=Windows_NT
PROCESSOR_IDENTIFIER=Intel64 Family 6 Model 140 Stepping 1, GenuineIntel
TMP=C:\Users\malak\AppData\Local\Temp
TEMP=C:\Users\malak\AppData\Local\Temp




Periodic native trim disabled

---------------  S Y S T E M  ---------------

OS:
 Windows 11 , 64 bit Build 26100 (10.0.26100.6725)
OS uptime: 5 days 6:41 hours
Hyper-V role detected

CPU: total 8 (initial active 8) (4 cores per cpu, 2 threads per core) family 6 model 140 stepping 1 microcode 0xac, cx8, cmov, fxsr, ht, mmx, 3dnowpref, sse, sse2, sse3, ssse3, sse4.1, sse4.2, popcnt, lzcnt, tsc, tscinvbit, avx, avx2, aes, erms, clmul, bmi1, bmi2, adx, avx512f, avx512dq, avx512cd, avx512bw, avx512vl, sha, fma, vzeroupper, avx512_vpopcntdq, avx512_vpclmulqdq, avx512_vaes, avx512_vnni, clflush, clflushopt, clwb, avx512_vbmi2, avx512_vbmi, hv, rdtscp, rdpid, fsrm, gfni, avx512_bitalg, f16c, cet_ibt, cet_ss, avx512_ifma
Processor Information for all 8 processors :
  Max Mhz: 2419, Current Mhz: 2419, Mhz Limit: 2419

Memory: 4k page, system-wide physical 7932M (581M free)
TotalPageFile size 26448M (AvailPageFile size 0M)
current process WorkingSet (physical memory assigned to process): 54M, peak: 54M
current process commit charge ("private bytes"): 209M, peak: 209M

vm_info: OpenJDK 64-Bit Server VM (23-valhalla+1-90) for windows-amd64 JRE (23-valhalla+1-90), built on 2024-07-26T06:46:18Z by "mach5one" with MS VC++ 17.6 (VS2022)

END.
